<?xml version="1.0" encoding="UTF-8"?>
<!-- Generated by org.testng.reporters.JUnitXMLReporter -->
<testsuite ignored="0" hostname="UMAMAGESHWARI" failures="0" tests="20" name="All Test Cases" time="77.217" errors="0" timestamp="2025-09-07T13:45:57 IST">
  <testcase classname="io.cucumber.testng.AbstractTestNGCucumberTests" name="runScenario" time="3.435"/>
  <testcase classname="io.cucumber.testng.AbstractTestNGCucumberTests" name="runScenario" time="2.394"/>
  <testcase classname="testcases.ProductsTest" name="TC036_measureProductPageLoadTime" time="0.039"/>
  <testcase classname="testcases.ProductsTest" name="addProductToCart" time="0.188"/>
  <testcase classname="testcases.ProductsTest" name="openProductDetailsPage" time="0.088"/>
  <testcase classname="testcases.ProductsTest" name="removeProductFromCart" time="0.12"/>
  <testcase classname="testcases.ProductsTest" name="verifyProductListingPage" time="0.03"/>
  <testcase classname="testcases.ProductsTest" name="verifyProductNamesAndPricesDisplayed" time="0.138"/>
  <testcase classname="testcases.CartTest" name="checkoutWithEmptyCart" time="0.161"/>
  <testcase classname="testcases.CartTest" name="continueShoppingFromCart" time="0.081"/>
  <testcase classname="testcases.CartTest" name="proceedToCheckoutFromCart" time="0.069"/>
  <testcase classname="testcases.CartTest" name="removeItemFromCart" time="0.074"/>
  <testcase classname="testcases.CartTest" name="verifyCartItems" time="0.036"/>
  <testcase classname="testcases.CheckOutTest" name="checkoutWithMissingRequiredFields" time="0.273"/>
  <testcase classname="testcases.CheckOutTest" name="checkoutWithValidInformation" time="0.377"/>
  <testcase classname="testcases.CheckOutTest" name="verifyOrderSummaryDetails" time="0.316"/>
  <testcase classname="testcases.NavigationTest" name="TC026_verifyBurgerMenuPresent" time="0.028"/>
  <testcase classname="testcases.NavigationTest" name="TC028_navigateToAboutPage" time="11.573"/>
  <testcase classname="testcases.NavigationTest" name="TC030_verifyFooterLinksAndIcons" time="0.074"/>
  <testcase classname="testcases.NavigationTest" name="logoutFromBurgerMenu" time="0.796"/>
</testsuite> <!-- All Test Cases -->
