<?xml version="1.0" encoding="UTF-8"?>
<!-- Generated by org.testng.reporters.JUnitXMLReporter -->
<testsuite ignored="0" hostname="UMAMAGESHWARI" failures="0" tests="4" name="Default test" time="35.84" errors="0" timestamp="2025-09-08T00:23:57 IST">
  <testcase classname="testcases.NavigationTest" name="verifyMenuPresent" time="0.06"/>
  <testcase classname="testcases.NavigationTest" name="logoutFromMenu" time="0.841"/>
  <testcase classname="testcases.NavigationTest" name="navigateToAboutPage" time="26.012"/>
  <testcase classname="testcases.NavigationTest" name="verifyFooterLinksAndIcons" time="0.114"/>
</testsuite> <!-- Default test -->
