<?xml version="1.0" encoding="UTF-8"?>
<!-- Generated by org.testng.reporters.JUnitXMLReporter -->
<testsuite ignored="5" hostname="UMAMAGESHWARI" failures="0" tests="1" name="Default test" time="3.152" errors="0" timestamp="2025-09-07T18:55:11 IST">
  <testcase classname="testcases.ProductsTest" name="removeProductFromCart" time="0.139"/>
  <testcase classname="testcases.ProductsTest" name="measureProductPageLoadTime" time="0.0">
    <ignored/>
  </testcase> <!-- measureProductPageLoadTime -->
  <testcase classname="testcases.ProductsTest" name="verifyProductListingPage" time="0.0">
    <ignored/>
  </testcase> <!-- verifyProductListingPage -->
  <testcase classname="testcases.ProductsTest" name="verifyProductNamesAndPricesDisplayed" time="0.0">
    <ignored/>
  </testcase> <!-- verifyProductNamesAndPricesDisplayed -->
  <testcase classname="testcases.ProductsTest" name="openProductDetailsPage" time="0.0">
    <ignored/>
  </testcase> <!-- openProductDetailsPage -->
  <testcase classname="testcases.ProductsTest" name="addProductToCart" time="0.0">
    <ignored/>
  </testcase> <!-- addProductToCart -->
</testsuite> <!-- Default test -->
