<?xml version="1.0" encoding="UTF-8"?>
<!-- Generated by org.testng.reporters.JUnitXMLReporter -->
<testsuite ignored="0" hostname="UMAMAGESHWARI" failures="0" tests="19" name="Cucumber Login Tests" time="69.544" errors="0" timestamp="2025-09-07T10:18:03 IST">
  <testcase classname="io.cucumber.testng.AbstractTestNGCucumberTests" name="runScenario" time="7.863"/>
  <testcase classname="io.cucumber.testng.AbstractTestNGCucumberTests" name="runScenario" time="4.059"/>
  <testcase classname="testcases.ProductsTest" name="addProductToCart" time="0.168"/>
  <testcase classname="testcases.ProductsTest" name="openProductDetailsPage" time="0.083"/>
  <testcase classname="testcases.ProductsTest" name="removeProductFromCart" time="0.128"/>
  <testcase classname="testcases.ProductsTest" name="verifyProductListingPage" time="0.031"/>
  <testcase classname="testcases.ProductsTest" name="verifyProductNamesAndPricesDisplayed" time="0.132"/>
  <testcase classname="testcases.CartTest" name="checkoutWithEmptyCart" time="0.129"/>
  <testcase classname="testcases.CartTest" name="continueShoppingFromCart" time="0.078"/>
  <testcase classname="testcases.CartTest" name="proceedToCheckoutFromCart" time="0.067"/>
  <testcase classname="testcases.CartTest" name="removeItemFromCart" time="0.064"/>
  <testcase classname="testcases.CartTest" name="verifyCartItems" time="0.028"/>
  <testcase classname="testcases.CheckOutTest" name="checkoutWithMissingRequiredFields" time="0.281"/>
  <testcase classname="testcases.CheckOutTest" name="checkoutWithValidInformation" time="0.408"/>
  <testcase classname="testcases.CheckOutTest" name="verifyOrderSummaryDetails" time="0.287"/>
  <testcase classname="testcases.NavigationTest" name="TC026_verifyBurgerMenuPresent" time="0.024"/>
  <testcase classname="testcases.NavigationTest" name="TC028_navigateToAboutPage" time="8.774"/>
  <testcase classname="testcases.NavigationTest" name="TC030_verifyFooterLinksAndIcons" time="0.064"/>
  <testcase classname="testcases.NavigationTest" name="logoutFromBurgerMenu" time="0.747"/>
</testsuite> <!-- Cucumber Login Tests -->
