<?xml version="1.0" encoding="UTF-8"?>
<!-- Generated by org.testng.reporters.JUnitXMLReporter -->
<testsuite ignored="0" hostname="UMAMAGESHWARI" failures="0" tests="19" name="All Tests" time="88.458" errors="0" timestamp="2025-11-06T18:52:27 IST">
  <testcase classname="io.cucumber.testng.AbstractTestNGCucumberTests" name="runScenario" time="36.4"/>
  <testcase classname="io.cucumber.testng.AbstractTestNGCucumberTests" name="runScenario" time="5.824"/>
  <testcase classname="testcases.ProductsTest" name="addProductToCart" time="0.105"/>
  <testcase classname="testcases.ProductsTest" name="measureProductPageLoadTime" time="0.041"/>
  <testcase classname="testcases.ProductsTest" name="openProductDetailsPage" time="0.082"/>
  <testcase classname="testcases.ProductsTest" name="removeProductFromCart" time="0.094"/>
  <testcase classname="testcases.ProductsTest" name="verifyProductListingPage" time="0.018"/>
  <testcase classname="testcases.ProductsTest" name="verifyProductNamesAndPricesDisplayed" time="0.091"/>
  <testcase classname="testcases.CartTest" name="checkoutWithEmptyCart" time="0.107"/>
  <testcase classname="testcases.CartTest" name="continueShoppingFromCart" time="0.054"/>
  <testcase classname="testcases.CartTest" name="proceedToCheckoutFromCart" time="0.045"/>
  <testcase classname="testcases.CartTest" name="verifyCartItems" time="0.034"/>
  <testcase classname="testcases.CheckOutTest" name="checkoutWithMissingRequiredFields" time="0.245"/>
  <testcase classname="testcases.CheckOutTest" name="checkoutWithValidInformation" time="0.289"/>
  <testcase classname="testcases.CheckOutTest" name="verifyOrderSummaryDetails" time="0.31"/>
  <testcase classname="testcases.NavigationTest" name="verifyMenuPresent" time="0.03"/>
  <testcase classname="testcases.NavigationTest" name="navigateToAboutPage" time="19.997"/>
  <testcase classname="testcases.NavigationTest" name="verifyFooterLinksAndIcons" time="0.072"/>
  <testcase classname="testcases.NavigationTest" name="logoutFromMenu" time="0.675"/>
</testsuite> <!-- All Tests -->
