<?xml version="1.0" encoding="UTF-8"?>
<!-- Generated by org.testng.reporters.JUnitXMLReporter -->
<testsuite ignored="0" hostname="UMAMAGESHWARI" failures="0" tests="19" name="All SauceDemo Tests" time="73.128" errors="0" timestamp="2025-09-09T14:42:14 IST">
  <testcase classname="io.cucumber.testng.AbstractTestNGCucumberTests" name="runScenario" time="6.554"/>
  <testcase classname="io.cucumber.testng.AbstractTestNGCucumberTests" name="runScenario" time="4.641"/>
  <testcase classname="testcases.ProductsTest" name="addProductToCart" time="0.166"/>
  <testcase classname="testcases.ProductsTest" name="measureProductPageLoadTime" time="0.035"/>
  <testcase classname="testcases.ProductsTest" name="openProductDetailsPage" time="0.119"/>
  <testcase classname="testcases.ProductsTest" name="removeProductFromCart" time="0.192"/>
  <testcase classname="testcases.ProductsTest" name="verifyProductListingPage" time="0.03"/>
  <testcase classname="testcases.ProductsTest" name="verifyProductNamesAndPricesDisplayed" time="0.172"/>
  <testcase classname="testcases.CartTest" name="checkoutWithEmptyCart" time="0.26"/>
  <testcase classname="testcases.CartTest" name="continueShoppingFromCart" time="0.104"/>
  <testcase classname="testcases.CartTest" name="proceedToCheckoutFromCart" time="0.08"/>
  <testcase classname="testcases.CartTest" name="verifyCartItems" time="0.072"/>
  <testcase classname="testcases.NavigationTest" name="verifyMenuPresent" time="0.034"/>
  <testcase classname="testcases.NavigationTest" name="logoutFromMenu" time="0.838"/>
  <testcase classname="testcases.NavigationTest" name="navigateToAboutPage" time="32.076"/>
  <testcase classname="testcases.NavigationTest" name="verifyFooterLinksAndIcons" time="0.07"/>
  <testcase classname="testcases.CheckOutTest" name="checkoutWithMissingRequiredFields" time="0.379"/>
  <testcase classname="testcases.CheckOutTest" name="checkoutWithValidInformation" time="0.464"/>
  <testcase classname="testcases.CheckOutTest" name="verifyOrderSummaryDetails" time="0.605"/>
</testsuite> <!-- All SauceDemo Tests -->
