<?xml version="1.0" encoding="UTF-8"?>
<!-- Generated by org.testng.reporters.JUnitXMLReporter -->
<testsuite ignored="0" hostname="UMAMAGESHWARI" failures="0" tests="19" name="All Tests" time="92.669" errors="0" timestamp="2025-09-09T15:44:47 IST">
  <testcase classname="io.cucumber.testng.AbstractTestNGCucumberTests" name="runScenario" time="19.183"/>
  <testcase classname="io.cucumber.testng.AbstractTestNGCucumberTests" name="runScenario" time="5.238"/>
  <testcase classname="testcases.ProductsTest" name="addProductToCart" time="0.284"/>
  <testcase classname="testcases.ProductsTest" name="measureProductPageLoadTime" time="0.078"/>
  <testcase classname="testcases.ProductsTest" name="openProductDetailsPage" time="0.15"/>
  <testcase classname="testcases.ProductsTest" name="removeProductFromCart" time="0.28"/>
  <testcase classname="testcases.ProductsTest" name="verifyProductListingPage" time="0.043"/>
  <testcase classname="testcases.ProductsTest" name="verifyProductNamesAndPricesDisplayed" time="0.219"/>
  <testcase classname="testcases.CartTest" name="checkoutWithEmptyCart" time="0.284"/>
  <testcase classname="testcases.CartTest" name="continueShoppingFromCart" time="0.169"/>
  <testcase classname="testcases.CartTest" name="proceedToCheckoutFromCart" time="0.126"/>
  <testcase classname="testcases.CartTest" name="verifyCartItems" time="0.08"/>
  <testcase classname="testcases.CheckOutTest" name="checkoutWithMissingRequiredFields" time="0.663"/>
  <testcase classname="testcases.CheckOutTest" name="checkoutWithValidInformation" time="0.786"/>
  <testcase classname="testcases.CheckOutTest" name="verifyOrderSummaryDetails" time="0.785"/>
  <testcase classname="testcases.NavigationTest" name="verifyMenuPresent" time="0.04"/>
  <testcase classname="testcases.NavigationTest" name="navigateToAboutPage" time="31.574"/>
  <testcase classname="testcases.NavigationTest" name="verifyFooterLinksAndIcons" time="0.099"/>
  <testcase classname="testcases.NavigationTest" name="logoutFromMenu" time="0.807"/>
</testsuite> <!-- All Tests -->
