<?xml version="1.0" encoding="UTF-8"?>
<!-- Generated by org.testng.reporters.JUnitXMLReporter -->
<testsuite ignored="0" hostname="UMAMAGESHWARI" failures="0" tests="19" name="All SauceDemo Tests" time="77.159" errors="0" timestamp="2025-09-09T14:39:28 IST">
  <testcase classname="io.cucumber.testng.AbstractTestNGCucumberTests" name="runScenario" time="8.974"/>
  <testcase classname="io.cucumber.testng.AbstractTestNGCucumberTests" name="runScenario" time="2.686"/>
  <testcase classname="testcases.ProductsTest" name="addProductToCart" time="0.209"/>
  <testcase classname="testcases.ProductsTest" name="measureProductPageLoadTime" time="0.062"/>
  <testcase classname="testcases.ProductsTest" name="openProductDetailsPage" time="0.127"/>
  <testcase classname="testcases.ProductsTest" name="removeProductFromCart" time="0.225"/>
  <testcase classname="testcases.ProductsTest" name="verifyProductListingPage" time="0.027"/>
  <testcase classname="testcases.ProductsTest" name="verifyProductNamesAndPricesDisplayed" time="0.194"/>
  <testcase classname="testcases.CartTest" name="checkoutWithEmptyCart" time="0.143"/>
  <testcase classname="testcases.CartTest" name="continueShoppingFromCart" time="0.068"/>
  <testcase classname="testcases.CartTest" name="proceedToCheckoutFromCart" time="0.079"/>
  <testcase classname="testcases.CartTest" name="verifyCartItems" time="0.055"/>
  <testcase classname="testcases.NavigationTest" name="verifyMenuPresent" time="0.034"/>
  <testcase classname="testcases.NavigationTest" name="logoutFromMenu" time="0.698"/>
  <testcase classname="testcases.NavigationTest" name="navigateToAboutPage" time="34.39"/>
  <testcase classname="testcases.NavigationTest" name="verifyFooterLinksAndIcons" time="0.135"/>
  <testcase classname="testcases.CheckOutTest" name="checkoutWithMissingRequiredFields" time="0.668"/>
  <testcase classname="testcases.CheckOutTest" name="checkoutWithValidInformation" time="0.814"/>
  <testcase classname="testcases.CheckOutTest" name="verifyOrderSummaryDetails" time="0.821"/>
</testsuite> <!-- All SauceDemo Tests -->
