<?xml version="1.0" encoding="UTF-8"?>
<testng-results ignored="0" total="19" passed="19" failed="0" skipped="0">
  <reporter-output>
  </reporter-output>
  <suite started-at="2025-09-15T18:50:22 IST" name="SauceDemo Suite" finished-at="2025-09-15T18:51:06 IST" duration-ms="44841">
    <groups>
      <group name="cucumber">
        <method signature="AbstractTestNGCucumberTests.runScenario(io.cucumber.testng.PickleWrapper,io.cucumber.testng.FeatureWrapper)[pri:0, instance:runners.TestRunner@13c9d689]" name="runScenario" class="io.cucumber.testng.AbstractTestNGCucumberTests"/>
      </group> <!-- cucumber -->
    </groups>
    <test started-at="2025-09-15T18:50:22 IST" name="All Tests" finished-at="2025-09-15T18:51:06 IST" duration-ms="44841">
      <class name="testcases.CheckOutTest">
        <test-method is-config="true" signature="setUp()[pri:0, instance:testcases.CheckOutTest@6150c3ec]" started-at="2025-09-15T18:50:37 IST" name="setUp" finished-at="2025-09-15T18:50:38 IST" duration-ms="835" status="PASS">
          <reporter-output>
          </reporter-output>
        </test-method> <!-- setUp -->
        <test-method is-config="true" signature="login()[pri:0, instance:testcases.CheckOutTest@6150c3ec]" started-at="2025-09-15T18:50:38 IST" name="login" finished-at="2025-09-15T18:50:39 IST" duration-ms="1228" status="PASS">
          <reporter-output>
          </reporter-output>
        </test-method> <!-- login -->
        <test-method signature="checkoutWithMissingRequiredFields()[pri:0, instance:testcases.CheckOutTest@6150c3ec]" started-at="2025-09-15T18:50:39 IST" name="checkoutWithMissingRequiredFields" finished-at="2025-09-15T18:50:39 IST" duration-ms="278" status="PASS">
          <reporter-output>
          </reporter-output>
        </test-method> <!-- checkoutWithMissingRequiredFields -->
        <test-method is-config="true" signature="login()[pri:0, instance:testcases.CheckOutTest@6150c3ec]" started-at="2025-09-15T18:50:39 IST" name="login" finished-at="2025-09-15T18:50:40 IST" duration-ms="395" status="PASS">
          <reporter-output>
          </reporter-output>
        </test-method> <!-- login -->
        <test-method signature="checkoutWithValidInformation()[pri:0, instance:testcases.CheckOutTest@6150c3ec]" started-at="2025-09-15T18:50:40 IST" name="checkoutWithValidInformation" finished-at="2025-09-15T18:50:40 IST" duration-ms="326" status="PASS">
          <reporter-output>
          </reporter-output>
        </test-method> <!-- checkoutWithValidInformation -->
        <test-method is-config="true" signature="login()[pri:0, instance:testcases.CheckOutTest@6150c3ec]" started-at="2025-09-15T18:50:40 IST" name="login" finished-at="2025-09-15T18:50:41 IST" duration-ms="401" status="PASS">
          <reporter-output>
          </reporter-output>
        </test-method> <!-- login -->
        <test-method signature="verifyOrderSummaryDetails()[pri:0, instance:testcases.CheckOutTest@6150c3ec]" started-at="2025-09-15T18:50:41 IST" name="verifyOrderSummaryDetails" finished-at="2025-09-15T18:50:41 IST" duration-ms="402" status="PASS">
          <reporter-output>
          </reporter-output>
        </test-method> <!-- verifyOrderSummaryDetails -->
        <test-method is-config="true" signature="tearDown()[pri:0, instance:testcases.CheckOutTest@6150c3ec]" started-at="2025-09-15T18:50:41 IST" name="tearDown" finished-at="2025-09-15T18:50:41 IST" duration-ms="83" status="PASS">
          <reporter-output>
          </reporter-output>
        </test-method> <!-- tearDown -->
      </class> <!-- testcases.CheckOutTest -->
      <class name="testcases.NavigationTest">
        <test-method is-config="true" signature="setUp()[pri:0, instance:testcases.NavigationTest@44c03695]" started-at="2025-09-15T18:50:41 IST" name="setUp" finished-at="2025-09-15T18:50:42 IST" duration-ms="832" status="PASS">
          <reporter-output>
          </reporter-output>
        </test-method> <!-- setUp -->
        <test-method is-config="true" signature="login()[pri:0, instance:testcases.NavigationTest@44c03695]" started-at="2025-09-15T18:50:42 IST" name="login" finished-at="2025-09-15T18:50:43 IST" duration-ms="1052" status="PASS">
          <reporter-output>
          </reporter-output>
        </test-method> <!-- login -->
        <test-method signature="verifyMenuPresent()[pri:1, instance:testcases.NavigationTest@44c03695]" started-at="2025-09-15T18:50:43 IST" name="verifyMenuPresent" finished-at="2025-09-15T18:50:43 IST" duration-ms="26" status="PASS">
          <reporter-output>
          </reporter-output>
        </test-method> <!-- verifyMenuPresent -->
        <test-method is-config="true" signature="login()[pri:0, instance:testcases.NavigationTest@44c03695]" started-at="2025-09-15T18:50:43 IST" name="login" finished-at="2025-09-15T18:50:43 IST" duration-ms="258" status="PASS">
          <reporter-output>
          </reporter-output>
        </test-method> <!-- login -->
        <test-method signature="navigateToAboutPage()[pri:2, instance:testcases.NavigationTest@44c03695]" started-at="2025-09-15T18:50:43 IST" name="navigateToAboutPage" finished-at="2025-09-15T18:51:05 IST" duration-ms="21309" status="PASS">
          <reporter-output>
          </reporter-output>
        </test-method> <!-- navigateToAboutPage -->
        <test-method is-config="true" signature="login()[pri:0, instance:testcases.NavigationTest@44c03695]" started-at="2025-09-15T18:51:05 IST" name="login" finished-at="2025-09-15T18:51:05 IST" duration-ms="398" status="PASS">
          <reporter-output>
          </reporter-output>
        </test-method> <!-- login -->
        <test-method signature="verifyFooterLinksAndIcons()[pri:3, instance:testcases.NavigationTest@44c03695]" started-at="2025-09-15T18:51:05 IST" name="verifyFooterLinksAndIcons" finished-at="2025-09-15T18:51:05 IST" duration-ms="68" status="PASS">
          <reporter-output>
          </reporter-output>
        </test-method> <!-- verifyFooterLinksAndIcons -->
        <test-method is-config="true" signature="login()[pri:0, instance:testcases.NavigationTest@44c03695]" started-at="2025-09-15T18:51:05 IST" name="login" finished-at="2025-09-15T18:51:06 IST" duration-ms="244" status="PASS">
          <reporter-output>
          </reporter-output>
        </test-method> <!-- login -->
        <test-method signature="logoutFromMenu()[pri:4, instance:testcases.NavigationTest@44c03695]" started-at="2025-09-15T18:51:06 IST" name="logoutFromMenu" finished-at="2025-09-15T18:51:06 IST" duration-ms="757" status="PASS">
          <reporter-output>
          </reporter-output>
        </test-method> <!-- logoutFromMenu -->
        <test-method is-config="true" signature="tearDown()[pri:0, instance:testcases.NavigationTest@44c03695]" started-at="2025-09-15T18:51:06 IST" name="tearDown" finished-at="2025-09-15T18:51:06 IST" duration-ms="80" status="PASS">
          <reporter-output>
          </reporter-output>
        </test-method> <!-- tearDown -->
      </class> <!-- testcases.NavigationTest -->
      <class name="testcases.CartTest">
        <test-method is-config="true" signature="beforeSuiteSetup()[pri:0, instance:testcases.CartTest@1573f9fc]" started-at="2025-09-15T18:50:21 IST" name="beforeSuiteSetup" finished-at="2025-09-15T18:50:22 IST" duration-ms="209" status="PASS">
          <reporter-output>
          </reporter-output>
        </test-method> <!-- beforeSuiteSetup -->
        <test-method is-config="true" signature="setUp()[pri:0, instance:testcases.CartTest@1573f9fc]" started-at="2025-09-15T18:50:33 IST" name="setUp" finished-at="2025-09-15T18:50:34 IST" duration-ms="801" status="PASS">
          <reporter-output>
          </reporter-output>
        </test-method> <!-- setUp -->
        <test-method is-config="true" signature="login()[pri:0, instance:testcases.CartTest@1573f9fc]" started-at="2025-09-15T18:50:34 IST" name="login" finished-at="2025-09-15T18:50:35 IST" duration-ms="1126" status="PASS">
          <reporter-output>
          </reporter-output>
        </test-method> <!-- login -->
        <test-method signature="checkoutWithEmptyCart()[pri:0, instance:testcases.CartTest@1573f9fc]" started-at="2025-09-15T18:50:35 IST" name="checkoutWithEmptyCart" finished-at="2025-09-15T18:50:35 IST" duration-ms="111" status="PASS">
          <reporter-output>
          </reporter-output>
        </test-method> <!-- checkoutWithEmptyCart -->
        <test-method is-config="true" signature="login()[pri:0, instance:testcases.CartTest@1573f9fc]" started-at="2025-09-15T18:50:35 IST" name="login" finished-at="2025-09-15T18:50:36 IST" duration-ms="367" status="PASS">
          <reporter-output>
          </reporter-output>
        </test-method> <!-- login -->
        <test-method signature="continueShoppingFromCart()[pri:0, instance:testcases.CartTest@1573f9fc]" started-at="2025-09-15T18:50:36 IST" name="continueShoppingFromCart" finished-at="2025-09-15T18:50:36 IST" duration-ms="71" status="PASS">
          <reporter-output>
          </reporter-output>
        </test-method> <!-- continueShoppingFromCart -->
        <test-method is-config="true" signature="login()[pri:0, instance:testcases.CartTest@1573f9fc]" started-at="2025-09-15T18:50:36 IST" name="login" finished-at="2025-09-15T18:50:36 IST" duration-ms="320" status="PASS">
          <reporter-output>
          </reporter-output>
        </test-method> <!-- login -->
        <test-method signature="proceedToCheckoutFromCart()[pri:0, instance:testcases.CartTest@1573f9fc]" started-at="2025-09-15T18:50:36 IST" name="proceedToCheckoutFromCart" finished-at="2025-09-15T18:50:36 IST" duration-ms="52" status="PASS">
          <reporter-output>
          </reporter-output>
        </test-method> <!-- proceedToCheckoutFromCart -->
        <test-method is-config="true" signature="login()[pri:0, instance:testcases.CartTest@1573f9fc]" started-at="2025-09-15T18:50:36 IST" name="login" finished-at="2025-09-15T18:50:37 IST" duration-ms="338" status="PASS">
          <reporter-output>
          </reporter-output>
        </test-method> <!-- login -->
        <test-method signature="verifyCartItems()[pri:0, instance:testcases.CartTest@1573f9fc]" started-at="2025-09-15T18:50:37 IST" name="verifyCartItems" finished-at="2025-09-15T18:50:37 IST" duration-ms="49" status="PASS">
          <reporter-output>
          </reporter-output>
        </test-method> <!-- verifyCartItems -->
        <test-method is-config="true" signature="tearDown()[pri:0, instance:testcases.CartTest@1573f9fc]" started-at="2025-09-15T18:50:37 IST" name="tearDown" finished-at="2025-09-15T18:50:37 IST" duration-ms="92" status="PASS">
          <reporter-output>
          </reporter-output>
        </test-method> <!-- tearDown -->
        <test-method is-config="true" signature="afterSuiteTearDown()[pri:0, instance:testcases.CartTest@1573f9fc]" started-at="2025-09-15T18:51:07 IST" name="afterSuiteTearDown" finished-at="2025-09-15T18:51:07 IST" duration-ms="14" status="PASS">
          <reporter-output>
          </reporter-output>
        </test-method> <!-- afterSuiteTearDown -->
      </class> <!-- testcases.CartTest -->
      <class name="testcases.ProductsTest">
        <test-method is-config="true" signature="setUp()[pri:0, instance:testcases.ProductsTest@1165b38]" started-at="2025-09-15T18:50:29 IST" name="setUp" finished-at="2025-09-15T18:50:30 IST" duration-ms="852" status="PASS">
          <reporter-output>
          </reporter-output>
        </test-method> <!-- setUp -->
        <test-method is-config="true" signature="login()[pri:0, instance:testcases.ProductsTest@1165b38]" started-at="2025-09-15T18:50:30 IST" name="login" finished-at="2025-09-15T18:50:31 IST" duration-ms="1073" status="PASS">
          <reporter-output>
          </reporter-output>
        </test-method> <!-- login -->
        <test-method signature="addProductToCart()[pri:0, instance:testcases.ProductsTest@1165b38]" started-at="2025-09-15T18:50:31 IST" name="addProductToCart" finished-at="2025-09-15T18:50:31 IST" duration-ms="138" status="PASS">
          <reporter-output>
          </reporter-output>
        </test-method> <!-- addProductToCart -->
        <test-method is-config="true" signature="login()[pri:0, instance:testcases.ProductsTest@1165b38]" started-at="2025-09-15T18:50:31 IST" name="login" finished-at="2025-09-15T18:50:32 IST" duration-ms="275" status="PASS">
          <reporter-output>
          </reporter-output>
        </test-method> <!-- login -->
        <test-method signature="measureProductPageLoadTime()[pri:0, instance:testcases.ProductsTest@1165b38]" started-at="2025-09-15T18:50:32 IST" name="measureProductPageLoadTime" finished-at="2025-09-15T18:50:32 IST" duration-ms="40" status="PASS">
          <reporter-output>
          </reporter-output>
        </test-method> <!-- measureProductPageLoadTime -->
        <test-method is-config="true" signature="login()[pri:0, instance:testcases.ProductsTest@1165b38]" started-at="2025-09-15T18:50:32 IST" name="login" finished-at="2025-09-15T18:50:32 IST" duration-ms="276" status="PASS">
          <reporter-output>
          </reporter-output>
        </test-method> <!-- login -->
        <test-method signature="openProductDetailsPage()[pri:0, instance:testcases.ProductsTest@1165b38]" started-at="2025-09-15T18:50:32 IST" name="openProductDetailsPage" finished-at="2025-09-15T18:50:32 IST" duration-ms="73" status="PASS">
          <reporter-output>
          </reporter-output>
        </test-method> <!-- openProductDetailsPage -->
        <test-method is-config="true" signature="login()[pri:0, instance:testcases.ProductsTest@1165b38]" started-at="2025-09-15T18:50:32 IST" name="login" finished-at="2025-09-15T18:50:32 IST" duration-ms="235" status="PASS">
          <reporter-output>
          </reporter-output>
        </test-method> <!-- login -->
        <test-method signature="removeProductFromCart()[pri:0, instance:testcases.ProductsTest@1165b38]" started-at="2025-09-15T18:50:32 IST" name="removeProductFromCart" finished-at="2025-09-15T18:50:32 IST" duration-ms="112" status="PASS">
          <reporter-output>
          </reporter-output>
        </test-method> <!-- removeProductFromCart -->
        <test-method is-config="true" signature="login()[pri:0, instance:testcases.ProductsTest@1165b38]" started-at="2025-09-15T18:50:32 IST" name="login" finished-at="2025-09-15T18:50:33 IST" duration-ms="236" status="PASS">
          <reporter-output>
          </reporter-output>
        </test-method> <!-- login -->
        <test-method signature="verifyProductListingPage()[pri:0, instance:testcases.ProductsTest@1165b38]" started-at="2025-09-15T18:50:33 IST" name="verifyProductListingPage" finished-at="2025-09-15T18:50:33 IST" duration-ms="23" status="PASS">
          <reporter-output>
          </reporter-output>
        </test-method> <!-- verifyProductListingPage -->
        <test-method is-config="true" signature="login()[pri:0, instance:testcases.ProductsTest@1165b38]" started-at="2025-09-15T18:50:33 IST" name="login" finished-at="2025-09-15T18:50:33 IST" duration-ms="264" status="PASS">
          <reporter-output>
          </reporter-output>
        </test-method> <!-- login -->
        <test-method signature="verifyProductNamesAndPricesDisplayed()[pri:0, instance:testcases.ProductsTest@1165b38]" started-at="2025-09-15T18:50:33 IST" name="verifyProductNamesAndPricesDisplayed" finished-at="2025-09-15T18:50:33 IST" duration-ms="121" status="PASS">
          <reporter-output>
          </reporter-output>
        </test-method> <!-- verifyProductNamesAndPricesDisplayed -->
        <test-method is-config="true" signature="tearDown()[pri:0, instance:testcases.ProductsTest@1165b38]" started-at="2025-09-15T18:50:33 IST" name="tearDown" finished-at="2025-09-15T18:50:33 IST" duration-ms="101" status="PASS">
          <reporter-output>
          </reporter-output>
        </test-method> <!-- tearDown -->
      </class> <!-- testcases.ProductsTest -->
      <class name="runners.TestRunner">
        <test-method is-config="true" signature="setUpClass(org.testng.ITestContext)[pri:0, instance:runners.TestRunner@13c9d689]" started-at="2025-09-15T18:50:22 IST" name="setUpClass" finished-at="2025-09-15T18:50:22 IST" duration-ms="442" status="PASS">
          <params>
            <param index="0">
              <value>
                <![CDATA[org.testng.TestRunner@15e8c040]]>
              </value>
            </param>
          </params>
          <reporter-output>
          </reporter-output>
        </test-method> <!-- setUpClass -->
        <test-method signature="runScenario(io.cucumber.testng.PickleWrapper,io.cucumber.testng.FeatureWrapper)[pri:0, instance:runners.TestRunner@13c9d689]" started-at="2025-09-15T18:50:22 IST" name="runScenario" description="Runs Cucumber Scenarios" data-provider="scenarios" finished-at="2025-09-15T18:50:27 IST" duration-ms="5218" status="PASS">
          <params>
            <param index="0">
              <value>
                <![CDATA["Valid login with standard_user"]]>
              </value>
            </param>
            <param index="1">
              <value>
                <![CDATA["SauceDemo Login"]]>
              </value>
            </param>
          </params>
          <reporter-output>
          </reporter-output>
        </test-method> <!-- runScenario -->
        <test-method signature="runScenario(io.cucumber.testng.PickleWrapper,io.cucumber.testng.FeatureWrapper)[pri:0, instance:runners.TestRunner@13c9d689]" started-at="2025-09-15T18:50:27 IST" name="runScenario" description="Runs Cucumber Scenarios" data-provider="scenarios" finished-at="2025-09-15T18:50:29 IST" duration-ms="1848" status="PASS">
          <params>
            <param index="0">
              <value>
                <![CDATA["Invalid login with wrong credentials"]]>
              </value>
            </param>
            <param index="1">
              <value>
                <![CDATA["SauceDemo Login"]]>
              </value>
            </param>
          </params>
          <reporter-output>
          </reporter-output>
        </test-method> <!-- runScenario -->
        <test-method is-config="true" signature="tearDownClass()[pri:0, instance:runners.TestRunner@13c9d689]" started-at="2025-09-15T18:50:29 IST" name="tearDownClass" finished-at="2025-09-15T18:50:29 IST" duration-ms="37" status="PASS">
          <reporter-output>
          </reporter-output>
        </test-method> <!-- tearDownClass -->
      </class> <!-- runners.TestRunner -->
    </test> <!-- All Tests -->
  </suite> <!-- SauceDemo Suite -->
</testng-results>
