<?xml version="1.0" encoding="UTF-8"?>
<testsuite xmlns:xsi="http://www.w3.org/2001/XMLSchema-instance" xsi:noNamespaceSchemaLocation="https://maven.apache.org/surefire/maven-surefire-plugin/xsd/surefire-test-report.xsd" version="3.0.2" name="TestSuite" time="45.844" tests="19" errors="0" skipped="0" failures="0">
  <properties>
[...]
</properties>
  <testcase name="runScenario[&quot;Valid login with standard_user&quot;, &quot;SauceDemo Login&quot;](1)" classname="runners.TestRunner" time="5.222">
    <system-out><![CDATA[=== Test Suite Started ===

Scenario: Valid login with standard_user                                 # src/test/resources/features/Login.feature:3
  Given I open the SauceDemo login page                                  # StepDefinitions.LoginSteps.openLoginPage()
  When I login with username "standard_user" and password "secret_sauce" # StepDefinitions.LoginSteps.loginWithCredentials(java.lang.String,java.lang.String)
  Then I should be redirected to the inventory page                      # StepDefinitions.LoginSteps.verifySuccessfulLogin()
Screenshot skipped - driver not initialized.
]]></system-out>
    <system-err><![CDATA[SLF4J(W): No SLF4J providers were found.
SLF4J(W): Defaulting to no-operation (NOP) logger implementation
SLF4J(W): See https://www.slf4j.org/codes.html#noProviders for further details.
Sep 15, 2025 6:50:26 PM org.openqa.selenium.devtools.CdpVersionFinder findNearestMatch
WARNING: Unable to find CDP implementation matching 140
Sep 15, 2025 6:50:26 PM org.openqa.selenium.chromium.ChromiumDriver lambda$new$5
WARNING: Unable to find version of CDP to use for 140.0.7339.128. You may need to include a dependency on a specific version of the CDP using something similar to `org.seleniumhq.selenium:selenium-devtools-v86:4.25.0` where the version ("v86") matches the version of the chromium-based browser you're using and the version number of the artifact is the same as Selenium's.
]]></system-err>
  </testcase>
  <testcase name="runScenario[&quot;Invalid login with wrong credentials&quot;, &quot;SauceDemo Login&quot;](2)" classname="runners.TestRunner" time="1.847">
    <system-out><![CDATA[
Scenario: Invalid login with wrong credentials                 # src/test/resources/features/Login.feature:8
  Given I open the SauceDemo login page                        # StepDefinitions.LoginSteps.openLoginPage()
  When I login with username "wrong" and password "wrong"      # StepDefinitions.LoginSteps.loginWithCredentials(java.lang.String,java.lang.String)
  Then I should see an error message containing "Epic sadface" # StepDefinitions.LoginSteps.verifyErrorMessage(java.lang.String)
Screenshot skipped - driver not initialized.
]]></system-out>
    <system-err><![CDATA[Sep 15, 2025 6:50:28 PM org.openqa.selenium.devtools.CdpVersionFinder findNearestMatch
WARNING: Unable to find CDP implementation matching 140
Sep 15, 2025 6:50:28 PM org.openqa.selenium.chromium.ChromiumDriver lambda$new$5
WARNING: Unable to find version of CDP to use for 140.0.7339.128. You may need to include a dependency on a specific version of the CDP using something similar to `org.seleniumhq.selenium:selenium-devtools-v86:4.25.0` where the version ("v86") matches the version of the chromium-based browser you're using and the version number of the artifact is the same as Selenium's.
]]></system-err>
  </testcase>
  <testcase name="addProductToCart" classname="testcases.ProductsTest" time="0.218">
    <system-err><![CDATA[Sep 15, 2025 6:50:30 PM org.openqa.selenium.devtools.CdpVersionFinder findNearestMatch
WARNING: Unable to find CDP implementation matching 140
Sep 15, 2025 6:50:30 PM org.openqa.selenium.chromium.ChromiumDriver lambda$new$5
WARNING: Unable to find version of CDP to use for 140.0.7339.128. You may need to include a dependency on a specific version of the CDP using something similar to `org.seleniumhq.selenium:selenium-devtools-v86:4.25.0` where the version ("v86") matches the version of the chromium-based browser you're using and the version number of the artifact is the same as Selenium's.
]]></system-err>
  </testcase>
  <testcase name="measureProductPageLoadTime" classname="testcases.ProductsTest" time="0.083">
    <system-out><![CDATA[Products page load time: 40 ms
]]></system-out>
  </testcase>
  <testcase name="openProductDetailsPage" classname="testcases.ProductsTest" time="0.122"/>
  <testcase name="removeProductFromCart" classname="testcases.ProductsTest" time="0.145"/>
  <testcase name="verifyProductListingPage" classname="testcases.ProductsTest" time="0.082"/>
  <testcase name="verifyProductNamesAndPricesDisplayed" classname="testcases.ProductsTest" time="0.238"/>
  <testcase name="checkoutWithEmptyCart" classname="testcases.CartTest" time="0.166">
    <system-err><![CDATA[Sep 15, 2025 6:50:34 PM org.openqa.selenium.devtools.CdpVersionFinder findNearestMatch
WARNING: Unable to find CDP implementation matching 140
Sep 15, 2025 6:50:34 PM org.openqa.selenium.chromium.ChromiumDriver lambda$new$5
WARNING: Unable to find version of CDP to use for 140.0.7339.128. You may need to include a dependency on a specific version of the CDP using something similar to `org.seleniumhq.selenium:selenium-devtools-v86:4.25.0` where the version ("v86") matches the version of the chromium-based browser you're using and the version number of the artifact is the same as Selenium's.
]]></system-err>
  </testcase>
  <testcase name="continueShoppingFromCart" classname="testcases.CartTest" time="0.134"/>
  <testcase name="proceedToCheckoutFromCart" classname="testcases.CartTest" time="0.113"/>
  <testcase name="verifyCartItems" classname="testcases.CartTest" time="0.109"/>
  <testcase name="checkoutWithMissingRequiredFields" classname="testcases.CheckOutTest" time="0.327">
    <system-err><![CDATA[Sep 15, 2025 6:50:38 PM org.openqa.selenium.devtools.CdpVersionFinder findNearestMatch
WARNING: Unable to find CDP implementation matching 140
Sep 15, 2025 6:50:38 PM org.openqa.selenium.chromium.ChromiumDriver lambda$new$5
WARNING: Unable to find version of CDP to use for 140.0.7339.128. You may need to include a dependency on a specific version of the CDP using something similar to `org.seleniumhq.selenium:selenium-devtools-v86:4.25.0` where the version ("v86") matches the version of the chromium-based browser you're using and the version number of the artifact is the same as Selenium's.
]]></system-err>
  </testcase>
  <testcase name="checkoutWithValidInformation" classname="testcases.CheckOutTest" time="0.385"/>
  <testcase name="verifyOrderSummaryDetails" classname="testcases.CheckOutTest" time="0.447"/>
  <testcase name="verifyMenuPresent" classname="testcases.NavigationTest" time="0.077">
    <system-err><![CDATA[Sep 15, 2025 6:50:42 PM org.openqa.selenium.devtools.CdpVersionFinder findNearestMatch
WARNING: Unable to find CDP implementation matching 140
Sep 15, 2025 6:50:42 PM org.openqa.selenium.chromium.ChromiumDriver lambda$new$5
WARNING: Unable to find version of CDP to use for 140.0.7339.128. You may need to include a dependency on a specific version of the CDP using something similar to `org.seleniumhq.selenium:selenium-devtools-v86:4.25.0` where the version ("v86") matches the version of the chromium-based browser you're using and the version number of the artifact is the same as Selenium's.
]]></system-err>
  </testcase>
  <testcase name="navigateToAboutPage" classname="testcases.NavigationTest" time="21.471"/>
  <testcase name="verifyFooterLinksAndIcons" classname="testcases.NavigationTest" time="0.127"/>
  <testcase name="logoutFromMenu" classname="testcases.NavigationTest" time="0.824"/>
</testsuite>