<?xml version="1.0" encoding="UTF-8"?>
<testng-results ignored="0" total="19" passed="19" failed="0" skipped="0">
  <reporter-output>
  </reporter-output>
  <suite started-at="2025-09-09T13:07:46 IST" name="SauceDemo Suite" finished-at="2025-09-09T13:08:54 IST" duration-ms="67606">
    <groups>
      <group name="cucumber">
        <method signature="AbstractTestNGCucumberTests.runScenario(io.cucumber.testng.PickleWrapper,io.cucumber.testng.FeatureWrapper)[pri:0, instance:runners.TestRunner@6ab778a]" name="runScenario" class="io.cucumber.testng.AbstractTestNGCucumberTests"/>
      </group> <!-- cucumber -->
    </groups>
    <test started-at="2025-09-09T13:07:46 IST" name="All Tests" finished-at="2025-09-09T13:08:54 IST" duration-ms="67606">
      <class name="testcases.CheckOutTest">
        <test-method is-config="true" signature="setUp()[pri:0, instance:testcases.CheckOutTest@57250572]" started-at="2025-09-09T13:08:12 IST" name="setUp" finished-at="2025-09-09T13:08:13 IST" duration-ms="1477" status="PASS">
          <reporter-output>
          </reporter-output>
        </test-method> <!-- setUp -->
        <test-method is-config="true" signature="login()[pri:0, instance:testcases.CheckOutTest@57250572]" started-at="2025-09-09T13:08:13 IST" name="login" finished-at="2025-09-09T13:08:15 IST" duration-ms="1771" status="PASS">
          <reporter-output>
          </reporter-output>
        </test-method> <!-- login -->
        <test-method signature="checkoutWithMissingRequiredFields()[pri:0, instance:testcases.CheckOutTest@57250572]" started-at="2025-09-09T13:08:15 IST" name="checkoutWithMissingRequiredFields" finished-at="2025-09-09T13:08:16 IST" duration-ms="568" status="PASS">
          <reporter-output>
          </reporter-output>
        </test-method> <!-- checkoutWithMissingRequiredFields -->
        <test-method is-config="true" signature="login()[pri:0, instance:testcases.CheckOutTest@57250572]" started-at="2025-09-09T13:08:16 IST" name="login" finished-at="2025-09-09T13:08:17 IST" duration-ms="734" status="PASS">
          <reporter-output>
          </reporter-output>
        </test-method> <!-- login -->
        <test-method signature="checkoutWithValidInformation()[pri:0, instance:testcases.CheckOutTest@57250572]" started-at="2025-09-09T13:08:17 IST" name="checkoutWithValidInformation" finished-at="2025-09-09T13:08:17 IST" duration-ms="725" status="PASS">
          <reporter-output>
          </reporter-output>
        </test-method> <!-- checkoutWithValidInformation -->
        <test-method is-config="true" signature="login()[pri:0, instance:testcases.CheckOutTest@57250572]" started-at="2025-09-09T13:08:18 IST" name="login" finished-at="2025-09-09T13:08:18 IST" duration-ms="494" status="PASS">
          <reporter-output>
          </reporter-output>
        </test-method> <!-- login -->
        <test-method signature="verifyOrderSummaryDetails()[pri:0, instance:testcases.CheckOutTest@57250572]" started-at="2025-09-09T13:08:18 IST" name="verifyOrderSummaryDetails" finished-at="2025-09-09T13:08:19 IST" duration-ms="568" status="PASS">
          <reporter-output>
          </reporter-output>
        </test-method> <!-- verifyOrderSummaryDetails -->
        <test-method is-config="true" signature="tearDown()[pri:0, instance:testcases.CheckOutTest@57250572]" started-at="2025-09-09T13:08:19 IST" name="tearDown" finished-at="2025-09-09T13:08:19 IST" duration-ms="219" status="PASS">
          <reporter-output>
          </reporter-output>
        </test-method> <!-- tearDown -->
      </class> <!-- testcases.CheckOutTest -->
      <class name="testcases.NavigationTest">
        <test-method is-config="true" signature="setUp()[pri:0, instance:testcases.NavigationTest@5609159b]" started-at="2025-09-09T13:08:19 IST" name="setUp" finished-at="2025-09-09T13:08:30 IST" duration-ms="11311" status="PASS">
          <reporter-output>
          </reporter-output>
        </test-method> <!-- setUp -->
        <test-method is-config="true" signature="login()[pri:0, instance:testcases.NavigationTest@5609159b]" started-at="2025-09-09T13:08:30 IST" name="login" finished-at="2025-09-09T13:08:32 IST" duration-ms="1984" status="PASS">
          <reporter-output>
          </reporter-output>
        </test-method> <!-- login -->
        <test-method signature="verifyMenuPresent()[pri:1, instance:testcases.NavigationTest@5609159b]" started-at="2025-09-09T13:08:32 IST" name="verifyMenuPresent" finished-at="2025-09-09T13:08:32 IST" duration-ms="24" status="PASS">
          <reporter-output>
          </reporter-output>
        </test-method> <!-- verifyMenuPresent -->
        <test-method is-config="true" signature="login()[pri:0, instance:testcases.NavigationTest@5609159b]" started-at="2025-09-09T13:08:33 IST" name="login" finished-at="2025-09-09T13:08:33 IST" duration-ms="371" status="PASS">
          <reporter-output>
          </reporter-output>
        </test-method> <!-- login -->
        <test-method signature="navigateToAboutPage()[pri:2, instance:testcases.NavigationTest@5609159b]" started-at="2025-09-09T13:08:33 IST" name="navigateToAboutPage" finished-at="2025-09-09T13:08:51 IST" duration-ms="17749" status="PASS">
          <reporter-output>
          </reporter-output>
        </test-method> <!-- navigateToAboutPage -->
        <test-method is-config="true" signature="login()[pri:0, instance:testcases.NavigationTest@5609159b]" started-at="2025-09-09T13:08:51 IST" name="login" finished-at="2025-09-09T13:08:52 IST" duration-ms="930" status="PASS">
          <reporter-output>
          </reporter-output>
        </test-method> <!-- login -->
        <test-method signature="verifyFooterLinksAndIcons()[pri:3, instance:testcases.NavigationTest@5609159b]" started-at="2025-09-09T13:08:52 IST" name="verifyFooterLinksAndIcons" finished-at="2025-09-09T13:08:52 IST" duration-ms="109" status="PASS">
          <reporter-output>
          </reporter-output>
        </test-method> <!-- verifyFooterLinksAndIcons -->
        <test-method is-config="true" signature="login()[pri:0, instance:testcases.NavigationTest@5609159b]" started-at="2025-09-09T13:08:52 IST" name="login" finished-at="2025-09-09T13:08:53 IST" duration-ms="471" status="PASS">
          <reporter-output>
          </reporter-output>
        </test-method> <!-- login -->
        <test-method signature="logoutFromMenu()[pri:4, instance:testcases.NavigationTest@5609159b]" started-at="2025-09-09T13:08:53 IST" name="logoutFromMenu" finished-at="2025-09-09T13:08:53 IST" duration-ms="782" status="PASS">
          <reporter-output>
          </reporter-output>
        </test-method> <!-- logoutFromMenu -->
        <test-method is-config="true" signature="tearDown()[pri:0, instance:testcases.NavigationTest@5609159b]" started-at="2025-09-09T13:08:54 IST" name="tearDown" finished-at="2025-09-09T13:08:54 IST" duration-ms="397" status="PASS">
          <reporter-output>
          </reporter-output>
        </test-method> <!-- tearDown -->
      </class> <!-- testcases.NavigationTest -->
      <class name="testcases.CartTest">
        <test-method is-config="true" signature="beforeSuiteSetup()[pri:0, instance:testcases.CartTest@21b2e768]" started-at="2025-09-09T13:07:46 IST" name="beforeSuiteSetup" finished-at="2025-09-09T13:07:46 IST" duration-ms="510" status="PASS">
          <reporter-output>
          </reporter-output>
        </test-method> <!-- beforeSuiteSetup -->
        <test-method is-config="true" signature="setUp()[pri:0, instance:testcases.CartTest@21b2e768]" started-at="2025-09-09T13:08:06 IST" name="setUp" finished-at="2025-09-09T13:08:08 IST" duration-ms="1497" status="PASS">
          <reporter-output>
          </reporter-output>
        </test-method> <!-- setUp -->
        <test-method is-config="true" signature="login()[pri:0, instance:testcases.CartTest@21b2e768]" started-at="2025-09-09T13:08:08 IST" name="login" finished-at="2025-09-09T13:08:10 IST" duration-ms="1931" status="PASS">
          <reporter-output>
          </reporter-output>
        </test-method> <!-- login -->
        <test-method signature="checkoutWithEmptyCart()[pri:0, instance:testcases.CartTest@21b2e768]" started-at="2025-09-09T13:08:10 IST" name="checkoutWithEmptyCart" finished-at="2025-09-09T13:08:10 IST" duration-ms="167" status="PASS">
          <reporter-output>
          </reporter-output>
        </test-method> <!-- checkoutWithEmptyCart -->
        <test-method is-config="true" signature="login()[pri:0, instance:testcases.CartTest@21b2e768]" started-at="2025-09-09T13:08:10 IST" name="login" finished-at="2025-09-09T13:08:10 IST" duration-ms="473" status="PASS">
          <reporter-output>
          </reporter-output>
        </test-method> <!-- login -->
        <test-method signature="continueShoppingFromCart()[pri:0, instance:testcases.CartTest@21b2e768]" started-at="2025-09-09T13:08:10 IST" name="continueShoppingFromCart" finished-at="2025-09-09T13:08:11 IST" duration-ms="102" status="PASS">
          <reporter-output>
          </reporter-output>
        </test-method> <!-- continueShoppingFromCart -->
        <test-method is-config="true" signature="login()[pri:0, instance:testcases.CartTest@21b2e768]" started-at="2025-09-09T13:08:11 IST" name="login" finished-at="2025-09-09T13:08:11 IST" duration-ms="389" status="PASS">
          <reporter-output>
          </reporter-output>
        </test-method> <!-- login -->
        <test-method signature="proceedToCheckoutFromCart()[pri:0, instance:testcases.CartTest@21b2e768]" started-at="2025-09-09T13:08:11 IST" name="proceedToCheckoutFromCart" finished-at="2025-09-09T13:08:11 IST" duration-ms="61" status="PASS">
          <reporter-output>
          </reporter-output>
        </test-method> <!-- proceedToCheckoutFromCart -->
        <test-method is-config="true" signature="login()[pri:0, instance:testcases.CartTest@21b2e768]" started-at="2025-09-09T13:08:11 IST" name="login" finished-at="2025-09-09T13:08:12 IST" duration-ms="366" status="PASS">
          <reporter-output>
          </reporter-output>
        </test-method> <!-- login -->
        <test-method signature="verifyCartItems()[pri:0, instance:testcases.CartTest@21b2e768]" started-at="2025-09-09T13:08:12 IST" name="verifyCartItems" finished-at="2025-09-09T13:08:12 IST" duration-ms="46" status="PASS">
          <reporter-output>
          </reporter-output>
        </test-method> <!-- verifyCartItems -->
        <test-method is-config="true" signature="tearDown()[pri:0, instance:testcases.CartTest@21b2e768]" started-at="2025-09-09T13:08:12 IST" name="tearDown" finished-at="2025-09-09T13:08:12 IST" duration-ms="167" status="PASS">
          <reporter-output>
          </reporter-output>
        </test-method> <!-- tearDown -->
        <test-method is-config="true" signature="afterSuiteTearDown()[pri:0, instance:testcases.CartTest@21b2e768]" started-at="2025-09-09T13:08:55 IST" name="afterSuiteTearDown" finished-at="2025-09-09T13:08:55 IST" duration-ms="61" status="PASS">
          <reporter-output>
          </reporter-output>
        </test-method> <!-- afterSuiteTearDown -->
      </class> <!-- testcases.CartTest -->
      <class name="testcases.ProductsTest">
        <test-method is-config="true" signature="setUp()[pri:0, instance:testcases.ProductsTest@623a8092]" started-at="2025-09-09T13:07:56 IST" name="setUp" finished-at="2025-09-09T13:07:58 IST" duration-ms="1512" status="PASS">
          <reporter-output>
          </reporter-output>
        </test-method> <!-- setUp -->
        <test-method is-config="true" signature="login()[pri:0, instance:testcases.ProductsTest@623a8092]" started-at="2025-09-09T13:07:58 IST" name="login" finished-at="2025-09-09T13:08:01 IST" duration-ms="3897" status="PASS">
          <reporter-output>
          </reporter-output>
        </test-method> <!-- login -->
        <test-method signature="addProductToCart()[pri:0, instance:testcases.ProductsTest@623a8092]" started-at="2025-09-09T13:08:01 IST" name="addProductToCart" finished-at="2025-09-09T13:08:02 IST" duration-ms="345" status="PASS">
          <reporter-output>
          </reporter-output>
        </test-method> <!-- addProductToCart -->
        <test-method is-config="true" signature="login()[pri:0, instance:testcases.ProductsTest@623a8092]" started-at="2025-09-09T13:08:02 IST" name="login" finished-at="2025-09-09T13:08:03 IST" duration-ms="598" status="PASS">
          <reporter-output>
          </reporter-output>
        </test-method> <!-- login -->
        <test-method signature="measureProductPageLoadTime()[pri:0, instance:testcases.ProductsTest@623a8092]" started-at="2025-09-09T13:08:03 IST" name="measureProductPageLoadTime" finished-at="2025-09-09T13:08:03 IST" duration-ms="59" status="PASS">
          <reporter-output>
          </reporter-output>
        </test-method> <!-- measureProductPageLoadTime -->
        <test-method is-config="true" signature="login()[pri:0, instance:testcases.ProductsTest@623a8092]" started-at="2025-09-09T13:08:03 IST" name="login" finished-at="2025-09-09T13:08:03 IST" duration-ms="471" status="PASS">
          <reporter-output>
          </reporter-output>
        </test-method> <!-- login -->
        <test-method signature="openProductDetailsPage()[pri:0, instance:testcases.ProductsTest@623a8092]" started-at="2025-09-09T13:08:03 IST" name="openProductDetailsPage" finished-at="2025-09-09T13:08:03 IST" duration-ms="131" status="PASS">
          <reporter-output>
          </reporter-output>
        </test-method> <!-- openProductDetailsPage -->
        <test-method is-config="true" signature="login()[pri:0, instance:testcases.ProductsTest@623a8092]" started-at="2025-09-09T13:08:04 IST" name="login" finished-at="2025-09-09T13:08:04 IST" duration-ms="490" status="PASS">
          <reporter-output>
          </reporter-output>
        </test-method> <!-- login -->
        <test-method signature="removeProductFromCart()[pri:0, instance:testcases.ProductsTest@623a8092]" started-at="2025-09-09T13:08:04 IST" name="removeProductFromCart" finished-at="2025-09-09T13:08:04 IST" duration-ms="178" status="PASS">
          <reporter-output>
          </reporter-output>
        </test-method> <!-- removeProductFromCart -->
        <test-method is-config="true" signature="login()[pri:0, instance:testcases.ProductsTest@623a8092]" started-at="2025-09-09T13:08:05 IST" name="login" finished-at="2025-09-09T13:08:05 IST" duration-ms="402" status="PASS">
          <reporter-output>
          </reporter-output>
        </test-method> <!-- login -->
        <test-method signature="verifyProductListingPage()[pri:0, instance:testcases.ProductsTest@623a8092]" started-at="2025-09-09T13:08:05 IST" name="verifyProductListingPage" finished-at="2025-09-09T13:08:05 IST" duration-ms="34" status="PASS">
          <reporter-output>
          </reporter-output>
        </test-method> <!-- verifyProductListingPage -->
        <test-method is-config="true" signature="login()[pri:0, instance:testcases.ProductsTest@623a8092]" started-at="2025-09-09T13:08:05 IST" name="login" finished-at="2025-09-09T13:08:06 IST" duration-ms="343" status="PASS">
          <reporter-output>
          </reporter-output>
        </test-method> <!-- login -->
        <test-method signature="verifyProductNamesAndPricesDisplayed()[pri:0, instance:testcases.ProductsTest@623a8092]" started-at="2025-09-09T13:08:06 IST" name="verifyProductNamesAndPricesDisplayed" finished-at="2025-09-09T13:08:06 IST" duration-ms="185" status="PASS">
          <reporter-output>
          </reporter-output>
        </test-method> <!-- verifyProductNamesAndPricesDisplayed -->
        <test-method is-config="true" signature="tearDown()[pri:0, instance:testcases.ProductsTest@623a8092]" started-at="2025-09-09T13:08:06 IST" name="tearDown" finished-at="2025-09-09T13:08:06 IST" duration-ms="221" status="PASS">
          <reporter-output>
          </reporter-output>
        </test-method> <!-- tearDown -->
      </class> <!-- testcases.ProductsTest -->
      <class name="runners.TestRunner">
        <test-method is-config="true" signature="setUpClass(org.testng.ITestContext)[pri:0, instance:runners.TestRunner@6ab778a]" started-at="2025-09-09T13:07:46 IST" name="setUpClass" finished-at="2025-09-09T13:07:47 IST" duration-ms="881" status="PASS">
          <params>
            <param index="0">
              <value>
                <![CDATA[org.testng.TestRunner@5ca22e19]]>
              </value>
            </param>
          </params>
          <reporter-output>
          </reporter-output>
        </test-method> <!-- setUpClass -->
        <test-method signature="runScenario(io.cucumber.testng.PickleWrapper,io.cucumber.testng.FeatureWrapper)[pri:0, instance:runners.TestRunner@6ab778a]" started-at="2025-09-09T13:07:47 IST" name="runScenario" description="Runs Cucumber Scenarios" data-provider="scenarios" finished-at="2025-09-09T13:07:52 IST" duration-ms="4978" status="PASS">
          <params>
            <param index="0">
              <value>
                <![CDATA["Valid login with standard_user"]]>
              </value>
            </param>
            <param index="1">
              <value>
                <![CDATA["SauceDemo Login"]]>
              </value>
            </param>
          </params>
          <reporter-output>
          </reporter-output>
        </test-method> <!-- runScenario -->
        <test-method signature="runScenario(io.cucumber.testng.PickleWrapper,io.cucumber.testng.FeatureWrapper)[pri:0, instance:runners.TestRunner@6ab778a]" started-at="2025-09-09T13:07:52 IST" name="runScenario" description="Runs Cucumber Scenarios" data-provider="scenarios" finished-at="2025-09-09T13:07:56 IST" duration-ms="3684" status="PASS">
          <params>
            <param index="0">
              <value>
                <![CDATA["Invalid login with wrong credentials"]]>
              </value>
            </param>
            <param index="1">
              <value>
                <![CDATA["SauceDemo Login"]]>
              </value>
            </param>
          </params>
          <reporter-output>
          </reporter-output>
        </test-method> <!-- runScenario -->
        <test-method is-config="true" signature="tearDownClass()[pri:0, instance:runners.TestRunner@6ab778a]" started-at="2025-09-09T13:07:56 IST" name="tearDownClass" finished-at="2025-09-09T13:07:56 IST" duration-ms="59" status="PASS">
          <reporter-output>
          </reporter-output>
        </test-method> <!-- tearDownClass -->
      </class> <!-- runners.TestRunner -->
    </test> <!-- All Tests -->
  </suite> <!-- SauceDemo Suite -->
</testng-results>
