<?xml version="1.0" encoding="UTF-8"?>
<testng-results ignored="0" total="19" passed="19" failed="0" skipped="0">
  <reporter-output>
  </reporter-output>
  <suite started-at="2025-09-08T00:46:31 IST" name="SauceDemo Suite" finished-at="2025-09-08T00:47:30 IST" duration-ms="58667">
    <groups>
      <group name="cucumber">
        <method signature="AbstractTestNGCucumberTests.runScenario(io.cucumber.testng.PickleWrapper,io.cucumber.testng.FeatureWrapper)[pri:0, instance:runners.TestRunner@6ab778a]" name="runScenario" class="io.cucumber.testng.AbstractTestNGCucumberTests"/>
      </group> <!-- cucumber -->
    </groups>
    <test started-at="2025-09-08T00:46:31 IST" name="All SauceDemo Tests" finished-at="2025-09-08T00:47:30 IST" duration-ms="58667">
      <class name="testcases.CheckOutTest">
        <test-method is-config="true" signature="setUp()[pri:0, instance:testcases.CheckOutTest@5609159b]" started-at="2025-09-08T00:47:22 IST" name="setUp" finished-at="2025-09-08T00:47:24 IST" duration-ms="1597" status="PASS">
          <reporter-output>
          </reporter-output>
        </test-method> <!-- setUp -->
        <test-method is-config="true" signature="login()[pri:0, instance:testcases.CheckOutTest@5609159b]" started-at="2025-09-08T00:47:24 IST" name="login" finished-at="2025-09-08T00:47:26 IST" duration-ms="1913" status="PASS">
          <reporter-output>
          </reporter-output>
        </test-method> <!-- login -->
        <test-method signature="checkoutWithMissingRequiredFields()[pri:0, instance:testcases.CheckOutTest@5609159b]" started-at="2025-09-08T00:47:26 IST" name="checkoutWithMissingRequiredFields" finished-at="2025-09-08T00:47:26 IST" duration-ms="526" status="PASS">
          <reporter-output>
          </reporter-output>
        </test-method> <!-- checkoutWithMissingRequiredFields -->
        <test-method is-config="true" signature="login()[pri:0, instance:testcases.CheckOutTest@5609159b]" started-at="2025-09-08T00:47:26 IST" name="login" finished-at="2025-09-08T00:47:27 IST" duration-ms="765" status="PASS">
          <reporter-output>
          </reporter-output>
        </test-method> <!-- login -->
        <test-method signature="checkoutWithValidInformation()[pri:0, instance:testcases.CheckOutTest@5609159b]" started-at="2025-09-08T00:47:27 IST" name="checkoutWithValidInformation" finished-at="2025-09-08T00:47:28 IST" duration-ms="631" status="PASS">
          <reporter-output>
          </reporter-output>
        </test-method> <!-- checkoutWithValidInformation -->
        <test-method is-config="true" signature="login()[pri:0, instance:testcases.CheckOutTest@5609159b]" started-at="2025-09-08T00:47:28 IST" name="login" finished-at="2025-09-08T00:47:29 IST" duration-ms="685" status="PASS">
          <reporter-output>
          </reporter-output>
        </test-method> <!-- login -->
        <test-method signature="verifyOrderSummaryDetails()[pri:0, instance:testcases.CheckOutTest@5609159b]" started-at="2025-09-08T00:47:29 IST" name="verifyOrderSummaryDetails" finished-at="2025-09-08T00:47:29 IST" duration-ms="670" status="PASS">
          <reporter-output>
          </reporter-output>
        </test-method> <!-- verifyOrderSummaryDetails -->
        <test-method is-config="true" signature="tearDown()[pri:0, instance:testcases.CheckOutTest@5609159b]" started-at="2025-09-08T00:47:29 IST" name="tearDown" finished-at="2025-09-08T00:47:30 IST" duration-ms="167" status="PASS">
          <reporter-output>
          </reporter-output>
        </test-method> <!-- tearDown -->
      </class> <!-- testcases.CheckOutTest -->
      <class name="testcases.NavigationTest">
        <test-method is-config="true" signature="setUp()[pri:0, instance:testcases.NavigationTest@57250572]" started-at="2025-09-08T00:46:54 IST" name="setUp" finished-at="2025-09-08T00:46:55 IST" duration-ms="1437" status="PASS">
          <reporter-output>
          </reporter-output>
        </test-method> <!-- setUp -->
        <test-method is-config="true" signature="login()[pri:0, instance:testcases.NavigationTest@57250572]" started-at="2025-09-08T00:46:55 IST" name="login" finished-at="2025-09-08T00:46:57 IST" duration-ms="1641" status="PASS">
          <reporter-output>
          </reporter-output>
        </test-method> <!-- login -->
        <test-method signature="verifyMenuPresent()[pri:1, instance:testcases.NavigationTest@57250572]" started-at="2025-09-08T00:46:57 IST" name="verifyMenuPresent" finished-at="2025-09-08T00:46:57 IST" duration-ms="44" status="PASS">
          <reporter-output>
          </reporter-output>
        </test-method> <!-- verifyMenuPresent -->
        <test-method is-config="true" signature="login()[pri:0, instance:testcases.NavigationTest@57250572]" started-at="2025-09-08T00:46:57 IST" name="login" finished-at="2025-09-08T00:46:57 IST" duration-ms="507" status="PASS">
          <reporter-output>
          </reporter-output>
        </test-method> <!-- login -->
        <test-method signature="logoutFromMenu()[pri:2, instance:testcases.NavigationTest@57250572]" started-at="2025-09-08T00:46:57 IST" name="logoutFromMenu" finished-at="2025-09-08T00:46:58 IST" duration-ms="833" status="PASS">
          <reporter-output>
          </reporter-output>
        </test-method> <!-- logoutFromMenu -->
        <test-method is-config="true" signature="login()[pri:0, instance:testcases.NavigationTest@57250572]" started-at="2025-09-08T00:46:58 IST" name="login" finished-at="2025-09-08T00:46:59 IST" duration-ms="407" status="PASS">
          <reporter-output>
          </reporter-output>
        </test-method> <!-- login -->
        <test-method signature="navigateToAboutPage()[pri:3, instance:testcases.NavigationTest@57250572]" started-at="2025-09-08T00:46:59 IST" name="navigateToAboutPage" finished-at="2025-09-08T00:47:20 IST" duration-ms="21377" status="PASS">
          <reporter-output>
          </reporter-output>
        </test-method> <!-- navigateToAboutPage -->
        <test-method is-config="true" signature="login()[pri:0, instance:testcases.NavigationTest@57250572]" started-at="2025-09-08T00:47:21 IST" name="login" finished-at="2025-09-08T00:47:22 IST" duration-ms="821" status="PASS">
          <reporter-output>
          </reporter-output>
        </test-method> <!-- login -->
        <test-method signature="verifyFooterLinksAndIcons()[pri:4, instance:testcases.NavigationTest@57250572]" started-at="2025-09-08T00:47:22 IST" name="verifyFooterLinksAndIcons" finished-at="2025-09-08T00:47:22 IST" duration-ms="95" status="PASS">
          <reporter-output>
          </reporter-output>
        </test-method> <!-- verifyFooterLinksAndIcons -->
        <test-method is-config="true" signature="tearDown()[pri:0, instance:testcases.NavigationTest@57250572]" started-at="2025-09-08T00:47:22 IST" name="tearDown" finished-at="2025-09-08T00:47:22 IST" duration-ms="236" status="PASS">
          <reporter-output>
          </reporter-output>
        </test-method> <!-- tearDown -->
      </class> <!-- testcases.NavigationTest -->
      <class name="testcases.CartTest">
        <test-method is-config="true" signature="beforeSuiteSetup()[pri:0, instance:testcases.CartTest@21b2e768]" started-at="2025-09-08T00:46:31 IST" name="beforeSuiteSetup" finished-at="2025-09-08T00:46:31 IST" duration-ms="339" status="PASS">
          <reporter-output>
          </reporter-output>
        </test-method> <!-- beforeSuiteSetup -->
        <test-method is-config="true" signature="setUp()[pri:0, instance:testcases.CartTest@21b2e768]" started-at="2025-09-08T00:46:47 IST" name="setUp" finished-at="2025-09-08T00:46:48 IST" duration-ms="1441" status="PASS">
          <reporter-output>
          </reporter-output>
        </test-method> <!-- setUp -->
        <test-method is-config="true" signature="login()[pri:0, instance:testcases.CartTest@21b2e768]" started-at="2025-09-08T00:46:48 IST" name="login" finished-at="2025-09-08T00:46:50 IST" duration-ms="1565" status="PASS">
          <reporter-output>
          </reporter-output>
        </test-method> <!-- login -->
        <test-method signature="checkoutWithEmptyCart()[pri:0, instance:testcases.CartTest@21b2e768]" started-at="2025-09-08T00:46:50 IST" name="checkoutWithEmptyCart" finished-at="2025-09-08T00:46:50 IST" duration-ms="304" status="PASS">
          <reporter-output>
          </reporter-output>
        </test-method> <!-- checkoutWithEmptyCart -->
        <test-method is-config="true" signature="login()[pri:0, instance:testcases.CartTest@21b2e768]" started-at="2025-09-08T00:46:50 IST" name="login" finished-at="2025-09-08T00:46:51 IST" duration-ms="729" status="PASS">
          <reporter-output>
          </reporter-output>
        </test-method> <!-- login -->
        <test-method signature="continueShoppingFromCart()[pri:0, instance:testcases.CartTest@21b2e768]" started-at="2025-09-08T00:46:51 IST" name="continueShoppingFromCart" finished-at="2025-09-08T00:46:51 IST" duration-ms="122" status="PASS">
          <reporter-output>
          </reporter-output>
        </test-method> <!-- continueShoppingFromCart -->
        <test-method is-config="true" signature="login()[pri:0, instance:testcases.CartTest@21b2e768]" started-at="2025-09-08T00:46:52 IST" name="login" finished-at="2025-09-08T00:46:52 IST" duration-ms="668" status="PASS">
          <reporter-output>
          </reporter-output>
        </test-method> <!-- login -->
        <test-method signature="proceedToCheckoutFromCart()[pri:0, instance:testcases.CartTest@21b2e768]" started-at="2025-09-08T00:46:52 IST" name="proceedToCheckoutFromCart" finished-at="2025-09-08T00:46:52 IST" duration-ms="108" status="PASS">
          <reporter-output>
          </reporter-output>
        </test-method> <!-- proceedToCheckoutFromCart -->
        <test-method is-config="true" signature="login()[pri:0, instance:testcases.CartTest@21b2e768]" started-at="2025-09-08T00:46:52 IST" name="login" finished-at="2025-09-08T00:46:53 IST" duration-ms="600" status="PASS">
          <reporter-output>
          </reporter-output>
        </test-method> <!-- login -->
        <test-method signature="verifyCartItems()[pri:0, instance:testcases.CartTest@21b2e768]" started-at="2025-09-08T00:46:53 IST" name="verifyCartItems" finished-at="2025-09-08T00:46:53 IST" duration-ms="77" status="PASS">
          <reporter-output>
          </reporter-output>
        </test-method> <!-- verifyCartItems -->
        <test-method is-config="true" signature="tearDown()[pri:0, instance:testcases.CartTest@21b2e768]" started-at="2025-09-08T00:46:53 IST" name="tearDown" finished-at="2025-09-08T00:46:54 IST" duration-ms="220" status="PASS">
          <reporter-output>
          </reporter-output>
        </test-method> <!-- tearDown -->
        <test-method is-config="true" signature="afterSuiteTearDown()[pri:0, instance:testcases.CartTest@21b2e768]" started-at="2025-09-08T00:47:30 IST" name="afterSuiteTearDown" finished-at="2025-09-08T00:47:30 IST" duration-ms="59" status="PASS">
          <reporter-output>
          </reporter-output>
        </test-method> <!-- afterSuiteTearDown -->
      </class> <!-- testcases.CartTest -->
      <class name="testcases.ProductsTest">
        <test-method is-config="true" signature="setUp()[pri:0, instance:testcases.ProductsTest@623a8092]" started-at="2025-09-08T00:46:39 IST" name="setUp" finished-at="2025-09-08T00:46:41 IST" duration-ms="1386" status="PASS">
          <reporter-output>
          </reporter-output>
        </test-method> <!-- setUp -->
        <test-method is-config="true" signature="login()[pri:0, instance:testcases.ProductsTest@623a8092]" started-at="2025-09-08T00:46:41 IST" name="login" finished-at="2025-09-08T00:46:42 IST" duration-ms="1546" status="PASS">
          <reporter-output>
          </reporter-output>
        </test-method> <!-- login -->
        <test-method signature="addProductToCart()[pri:0, instance:testcases.ProductsTest@623a8092]" started-at="2025-09-08T00:46:42 IST" name="addProductToCart" finished-at="2025-09-08T00:46:42 IST" duration-ms="253" status="PASS">
          <reporter-output>
          </reporter-output>
        </test-method> <!-- addProductToCart -->
        <test-method is-config="true" signature="login()[pri:0, instance:testcases.ProductsTest@623a8092]" started-at="2025-09-08T00:46:43 IST" name="login" finished-at="2025-09-08T00:46:43 IST" duration-ms="510" status="PASS">
          <reporter-output>
          </reporter-output>
        </test-method> <!-- login -->
        <test-method signature="measureProductPageLoadTime()[pri:0, instance:testcases.ProductsTest@623a8092]" started-at="2025-09-08T00:46:43 IST" name="measureProductPageLoadTime" finished-at="2025-09-08T00:46:43 IST" duration-ms="49" status="PASS">
          <reporter-output>
          </reporter-output>
        </test-method> <!-- measureProductPageLoadTime -->
        <test-method is-config="true" signature="login()[pri:0, instance:testcases.ProductsTest@623a8092]" started-at="2025-09-08T00:46:43 IST" name="login" finished-at="2025-09-08T00:46:44 IST" duration-ms="434" status="PASS">
          <reporter-output>
          </reporter-output>
        </test-method> <!-- login -->
        <test-method signature="openProductDetailsPage()[pri:0, instance:testcases.ProductsTest@623a8092]" started-at="2025-09-08T00:46:44 IST" name="openProductDetailsPage" finished-at="2025-09-08T00:46:44 IST" duration-ms="133" status="PASS">
          <reporter-output>
          </reporter-output>
        </test-method> <!-- openProductDetailsPage -->
        <test-method is-config="true" signature="login()[pri:0, instance:testcases.ProductsTest@623a8092]" started-at="2025-09-08T00:46:44 IST" name="login" finished-at="2025-09-08T00:46:45 IST" duration-ms="452" status="PASS">
          <reporter-output>
          </reporter-output>
        </test-method> <!-- login -->
        <test-method signature="removeProductFromCart()[pri:0, instance:testcases.ProductsTest@623a8092]" started-at="2025-09-08T00:46:45 IST" name="removeProductFromCart" finished-at="2025-09-08T00:46:45 IST" duration-ms="205" status="PASS">
          <reporter-output>
          </reporter-output>
        </test-method> <!-- removeProductFromCart -->
        <test-method is-config="true" signature="login()[pri:0, instance:testcases.ProductsTest@623a8092]" started-at="2025-09-08T00:46:45 IST" name="login" finished-at="2025-09-08T00:46:46 IST" duration-ms="619" status="PASS">
          <reporter-output>
          </reporter-output>
        </test-method> <!-- login -->
        <test-method signature="verifyProductListingPage()[pri:0, instance:testcases.ProductsTest@623a8092]" started-at="2025-09-08T00:46:46 IST" name="verifyProductListingPage" finished-at="2025-09-08T00:46:46 IST" duration-ms="38" status="PASS">
          <reporter-output>
          </reporter-output>
        </test-method> <!-- verifyProductListingPage -->
        <test-method is-config="true" signature="login()[pri:0, instance:testcases.ProductsTest@623a8092]" started-at="2025-09-08T00:46:46 IST" name="login" finished-at="2025-09-08T00:46:46 IST" duration-ms="429" status="PASS">
          <reporter-output>
          </reporter-output>
        </test-method> <!-- login -->
        <test-method signature="verifyProductNamesAndPricesDisplayed()[pri:0, instance:testcases.ProductsTest@623a8092]" started-at="2025-09-08T00:46:46 IST" name="verifyProductNamesAndPricesDisplayed" finished-at="2025-09-08T00:46:47 IST" duration-ms="204" status="PASS">
          <reporter-output>
          </reporter-output>
        </test-method> <!-- verifyProductNamesAndPricesDisplayed -->
        <test-method is-config="true" signature="tearDown()[pri:0, instance:testcases.ProductsTest@623a8092]" started-at="2025-09-08T00:46:47 IST" name="tearDown" finished-at="2025-09-08T00:46:47 IST" duration-ms="190" status="PASS">
          <reporter-output>
          </reporter-output>
        </test-method> <!-- tearDown -->
      </class> <!-- testcases.ProductsTest -->
      <class name="runners.TestRunner">
        <test-method is-config="true" signature="setUpClass(org.testng.ITestContext)[pri:0, instance:runners.TestRunner@6ab778a]" started-at="2025-09-08T00:46:31 IST" name="setUpClass" finished-at="2025-09-08T00:46:32 IST" duration-ms="730" status="PASS">
          <params>
            <param index="0">
              <value>
                <![CDATA[org.testng.TestRunner@3d235635]]>
              </value>
            </param>
          </params>
          <reporter-output>
          </reporter-output>
        </test-method> <!-- setUpClass -->
        <test-method signature="runScenario(io.cucumber.testng.PickleWrapper,io.cucumber.testng.FeatureWrapper)[pri:0, instance:runners.TestRunner@6ab778a]" started-at="2025-09-08T00:46:32 IST" name="runScenario" description="Runs Cucumber Scenarios" data-provider="scenarios" finished-at="2025-09-08T00:46:36 IST" duration-ms="4342" status="PASS">
          <params>
            <param index="0">
              <value>
                <![CDATA["Valid login with standard_user"]]>
              </value>
            </param>
            <param index="1">
              <value>
                <![CDATA["SauceDemo Login"]]>
              </value>
            </param>
          </params>
          <reporter-output>
          </reporter-output>
        </test-method> <!-- runScenario -->
        <test-method signature="runScenario(io.cucumber.testng.PickleWrapper,io.cucumber.testng.FeatureWrapper)[pri:0, instance:runners.TestRunner@6ab778a]" started-at="2025-09-08T00:46:36 IST" name="runScenario" description="Runs Cucumber Scenarios" data-provider="scenarios" finished-at="2025-09-08T00:46:39 IST" duration-ms="2994" status="PASS">
          <params>
            <param index="0">
              <value>
                <![CDATA["Invalid login with wrong credentials"]]>
              </value>
            </param>
            <param index="1">
              <value>
                <![CDATA["SauceDemo Login"]]>
              </value>
            </param>
          </params>
          <reporter-output>
          </reporter-output>
        </test-method> <!-- runScenario -->
        <test-method is-config="true" signature="tearDownClass()[pri:0, instance:runners.TestRunner@6ab778a]" started-at="2025-09-08T00:46:39 IST" name="tearDownClass" finished-at="2025-09-08T00:46:39 IST" duration-ms="84" status="PASS">
          <reporter-output>
          </reporter-output>
        </test-method> <!-- tearDownClass -->
      </class> <!-- runners.TestRunner -->
    </test> <!-- All SauceDemo Tests -->
  </suite> <!-- SauceDemo Suite -->
</testng-results>
