<?xml version="1.0" encoding="UTF-8"?>
<!-- Generated by org.testng.reporters.JUnitXMLReporter -->
<testsuite ignored="0" hostname="UMAMAGESHWARI" failures="0" tests="19" name="All Tests" time="67.606" errors="0" timestamp="2025-09-09T13:08:55 IST">
  <testcase classname="io.cucumber.testng.AbstractTestNGCucumberTests" name="runScenario" time="4.978"/>
  <testcase classname="io.cucumber.testng.AbstractTestNGCucumberTests" name="runScenario" time="3.684"/>
  <testcase classname="testcases.ProductsTest" name="addProductToCart" time="0.345"/>
  <testcase classname="testcases.ProductsTest" name="measureProductPageLoadTime" time="0.059"/>
  <testcase classname="testcases.ProductsTest" name="openProductDetailsPage" time="0.131"/>
  <testcase classname="testcases.ProductsTest" name="removeProductFromCart" time="0.178"/>
  <testcase classname="testcases.ProductsTest" name="verifyProductListingPage" time="0.034"/>
  <testcase classname="testcases.ProductsTest" name="verifyProductNamesAndPricesDisplayed" time="0.185"/>
  <testcase classname="testcases.CartTest" name="checkoutWithEmptyCart" time="0.167"/>
  <testcase classname="testcases.CartTest" name="continueShoppingFromCart" time="0.102"/>
  <testcase classname="testcases.CartTest" name="proceedToCheckoutFromCart" time="0.061"/>
  <testcase classname="testcases.CartTest" name="verifyCartItems" time="0.046"/>
  <testcase classname="testcases.CheckOutTest" name="checkoutWithMissingRequiredFields" time="0.568"/>
  <testcase classname="testcases.CheckOutTest" name="checkoutWithValidInformation" time="0.725"/>
  <testcase classname="testcases.CheckOutTest" name="verifyOrderSummaryDetails" time="0.568"/>
  <testcase classname="testcases.NavigationTest" name="verifyMenuPresent" time="0.024"/>
  <testcase classname="testcases.NavigationTest" name="navigateToAboutPage" time="17.749"/>
  <testcase classname="testcases.NavigationTest" name="verifyFooterLinksAndIcons" time="0.109"/>
  <testcase classname="testcases.NavigationTest" name="logoutFromMenu" time="0.782"/>
</testsuite> <!-- All Tests -->
