<?xml version="1.0" encoding="UTF-8"?>
<!-- Generated by org.testng.reporters.JUnitXMLReporter -->
<testsuite ignored="0" hostname="UMAMAGESHWARI" failures="0" tests="19" name="All SauceDemo Tests" time="82.734" errors="0" timestamp="2025-09-08T15:01:41 IST">
  <testcase classname="io.cucumber.testng.AbstractTestNGCucumberTests" name="runScenario" time="20.838"/>
  <testcase classname="io.cucumber.testng.AbstractTestNGCucumberTests" name="runScenario" time="2.549"/>
  <testcase classname="testcases.ProductsTest" name="addProductToCart" time="0.183"/>
  <testcase classname="testcases.ProductsTest" name="measureProductPageLoadTime" time="0.039"/>
  <testcase classname="testcases.ProductsTest" name="openProductDetailsPage" time="0.089"/>
  <testcase classname="testcases.ProductsTest" name="removeProductFromCart" time="0.182"/>
  <testcase classname="testcases.ProductsTest" name="verifyProductListingPage" time="0.033"/>
  <testcase classname="testcases.ProductsTest" name="verifyProductNamesAndPricesDisplayed" time="0.164"/>
  <testcase classname="testcases.CartTest" name="checkoutWithEmptyCart" time="0.174"/>
  <testcase classname="testcases.CartTest" name="continueShoppingFromCart" time="0.094"/>
  <testcase classname="testcases.CartTest" name="proceedToCheckoutFromCart" time="0.097"/>
  <testcase classname="testcases.CartTest" name="verifyCartItems" time="0.066"/>
  <testcase classname="testcases.NavigationTest" name="verifyMenuPresent" time="0.04"/>
  <testcase classname="testcases.NavigationTest" name="logoutFromMenu" time="0.745"/>
  <testcase classname="testcases.NavigationTest" name="navigateToAboutPage" time="32.427"/>
  <testcase classname="testcases.NavigationTest" name="verifyFooterLinksAndIcons" time="0.082"/>
  <testcase classname="testcases.CheckOutTest" name="checkoutWithMissingRequiredFields" time="0.457"/>
  <testcase classname="testcases.CheckOutTest" name="checkoutWithValidInformation" time="0.487"/>
  <testcase classname="testcases.CheckOutTest" name="verifyOrderSummaryDetails" time="0.503"/>
</testsuite> <!-- All SauceDemo Tests -->
