<?xml version="1.0" encoding="UTF-8"?>
<!-- Generated by org.testng.reporters.JUnitReportReporter -->
<testsuite hostname="UMAMAGESHWARI" failures="0" tests="4" name="testcases.NavigationTest" time="28.765" errors="0" timestamp="2025-11-17T18:52:52 IST" skipped="0">
  <testcase classname="testcases.NavigationTest" name="verifyMenuPresent" time="0.719"/>
  <testcase classname="testcases.NavigationTest" name="navigateToAboutPage" time="23.045"/>
  <testcase classname="testcases.NavigationTest" name="verifyFooterLinksAndIcons" time="2.499"/>
  <testcase classname="testcases.NavigationTest" name="logoutFromMenu" time="2.502"/>
</testsuite> <!-- testcases.NavigationTest -->
