<?xml version="1.0" encoding="UTF-8"?>
<!-- Generated by org.testng.reporters.JUnitReportReporter -->
<testsuite hostname="UMAMAGESHWARI" failures="0" tests="6" name="testcases.ProductsTest" time="3.079" errors="0" timestamp="2025-11-29T18:52:00 IST" skipped="0">
  <testcase classname="testcases.ProductsTest" name="verifyProductNamesAndPricesDisplayed" time="0.362"/>
  <testcase classname="testcases.ProductsTest" name="verifyProductListingPage" time="0.260"/>
  <testcase classname="testcases.ProductsTest" name="removeProductFromCart" time="0.385"/>
  <testcase classname="testcases.ProductsTest" name="measureProductPageLoadTime" time="0.293"/>
  <testcase classname="testcases.ProductsTest" name="openProductDetailsPage" time="0.333"/>
  <testcase classname="testcases.ProductsTest" name="addProductToCart" time="1.446"/>
</testsuite> <!-- testcases.ProductsTest -->
